<?xml version="1.0" encoding="UTF-8"?>
<!-- Generated by org.testng.reporters.JUnitReportReporter -->
<testsuite skipped="0" hostname="DESKTOP-JU827HG" name="myMavenProject.JenkinsTestYahooLanuch" tests="1" failures="0" timestamp="19 Feb 2018 11:45:21 GMT" time="19.959" errors="0">
  <testcase name="verifyTitle" time="19.959" classname="myMavenProject.JenkinsTestYahooLanuch"/>
</testsuite> <!-- myMavenProject.JenkinsTestYahooLanuch -->
