<?xml version="1.0" encoding="UTF-8"?>
<!-- Generated by org.testng.reporters.JUnitReportReporter -->
<testsuite hostname="DESKTOP-JU827HG" name="myMavenProject.JenkinsTestGoogleLaunch" tests="1" failures="0" timestamp="18 Feb 2018 17:40:40 GMT" time="12.483" errors="0">
  <testcase name="verifyTitle" time="12.483" classname="myMavenProject.JenkinsTestGoogleLaunch"/>
</testsuite> <!-- myMavenProject.JenkinsTestGoogleLaunch -->
