<?xml version="1.0" encoding="UTF-8"?>
<!-- Generated by org.testng.reporters.JUnitReportReporter -->
<testsuite skipped="0" hostname="DESKTOP-JU827HG" name="myMavenProject.JenkinsTestGoogleLaunch" tests="1" failures="0" timestamp="19 Feb 2018 11:45:21 GMT" time="14.533" errors="0">
  <testcase name="verifyTitle" time="14.533" classname="myMavenProject.JenkinsTestGoogleLaunch"/>
</testsuite> <!-- myMavenProject.JenkinsTestGoogleLaunch -->
